<?xml version="1.0" encoding="UTF-8"?>
<testsuite name="kr.ac.wku.CampusMapApplicationTests" tests="1" skipped="0" failures="0" errors="0" timestamp="2023-07-17T06:15:25" hostname="gimjeyeons-MacBook-Pro.local" time="0.349">
  <properties/>
  <testcase name="contextLoads()" classname="kr.ac.wku.CampusMapApplicationTests" time="0.349"/>
  <system-out><![CDATA[15:15:24.069 [Test worker] INFO org.springframework.test.context.support.AnnotationConfigContextLoaderUtils -- Could not detect default configuration classes for test class [kr.ac.wku.CampusMapApplicationTests]: CampusMapApplicationTests does not declare any static, non-private, non-final, nested classes annotated with @Configuration.
15:15:24.108 [Test worker] INFO org.springframework.boot.test.context.SpringBootTestContextBootstrapper -- Found @SpringBootConfiguration kr.ac.wku.CampusMapApplication for test class kr.ac.wku.CampusMapApplicationTests

  .   ____          _            __ _ _
 /\\ / ___'_ __ _ _(_)_ __  __ _ \ \ \ \
( ( )\___ | '_ | '_| | '_ \/ _` | \ \ \ \
 \\/  ___)| |_)| | | | | || (_| |  ) ) ) )
  '  |____| .__|_| |_|_| |_\__, | / / / /
 =========|_|==============|___/=/_/_/_/
 :: Spring Boot ::                (v3.1.1)

2023-07-17T15:15:24.256+09:00  INFO 23781 --- [    Test worker] kr.ac.wku.CampusMapApplicationTests      : Starting CampusMapApplicationTests using Java 17.0.7 with PID 23781 (started by gimjeyeon in /Users/gimjeyeon/Documents/GitHub/WKU-Campusmap)
2023-07-17T15:15:24.257+09:00  INFO 23781 --- [    Test worker] kr.ac.wku.CampusMapApplicationTests      : No active profile set, falling back to 1 default profile: "default"
2023-07-17T15:15:24.484+09:00  INFO 23781 --- [    Test worker] .s.d.r.c.RepositoryConfigurationDelegate : Bootstrapping Spring Data JPA repositories in DEFAULT mode.
2023-07-17T15:15:24.492+09:00  INFO 23781 --- [    Test worker] .s.d.r.c.RepositoryConfigurationDelegate : Finished Spring Data repository scanning in 5 ms. Found 0 JPA repository interfaces.
2023-07-17T15:15:24.646+09:00  INFO 23781 --- [    Test worker] o.hibernate.jpa.internal.util.LogHelper  : HHH000204: Processing PersistenceUnitInfo [name: default]
2023-07-17T15:15:24.669+09:00  INFO 23781 --- [    Test worker] org.hibernate.Version                    : HHH000412: Hibernate ORM core version 6.2.5.Final
2023-07-17T15:15:24.670+09:00  INFO 23781 --- [    Test worker] org.hibernate.cfg.Environment            : HHH000406: Using bytecode reflection optimizer
2023-07-17T15:15:24.720+09:00  INFO 23781 --- [    Test worker] o.h.b.i.BytecodeProviderInitiator        : HHH000021: Bytecode provider name : bytebuddy
2023-07-17T15:15:24.772+09:00  INFO 23781 --- [    Test worker] o.s.o.j.p.SpringPersistenceUnitInfo      : No LoadTimeWeaver setup: ignoring JPA class transformer
2023-07-17T15:15:24.781+09:00  INFO 23781 --- [    Test worker] com.zaxxer.hikari.HikariDataSource       : HikariPool-1 - Starting...
2023-07-17T15:15:24.818+09:00  INFO 23781 --- [    Test worker] com.zaxxer.hikari.pool.HikariPool        : HikariPool-1 - Added connection org.mariadb.jdbc.Connection@7767bd4e
2023-07-17T15:15:24.818+09:00  INFO 23781 --- [    Test worker] com.zaxxer.hikari.HikariDataSource       : HikariPool-1 - Start completed.
2023-07-17T15:15:24.867+09:00  INFO 23781 --- [    Test worker] o.h.b.i.BytecodeProviderInitiator        : HHH000021: Bytecode provider name : bytebuddy
2023-07-17T15:15:24.949+09:00  INFO 23781 --- [    Test worker] o.h.e.t.j.p.i.JtaPlatformInitiator       : HHH000490: Using JtaPlatform implementation: [org.hibernate.engine.transaction.jta.platform.internal.NoJtaPlatform]
2023-07-17T15:15:24.951+09:00  INFO 23781 --- [    Test worker] j.LocalContainerEntityManagerFactoryBean : Initialized JPA EntityManagerFactory for persistence unit 'default'
2023-07-17T15:15:25.016+09:00  WARN 23781 --- [    Test worker] JpaBaseConfiguration$JpaWebConfiguration : spring.jpa.open-in-view is enabled by default. Therefore, database queries may be performed during view rendering. Explicitly configure spring.jpa.open-in-view to disable this warning
2023-07-17T15:15:25.182+09:00  INFO 23781 --- [    Test worker] kr.ac.wku.CampusMapApplicationTests      : Started CampusMapApplicationTests in 1.018 seconds (process running for 1.467)
]]></system-out>
  <system-err><![CDATA[]]></system-err>
</testsuite>
